2012-07-03 10:58:22:621		Error, PageName: http://localhost:1934/Home/Room/Images/Login.jpg。 ErrorMsg: 文件不存在。 Source:System.Web StackTrace:   在 System.Web.StaticFileHandler.GetFileInfo(String virtualPathWithPathInfo, String physicalPath, HttpResponse response)
   在 System.Web.StaticFileHandler.ProcessRequestInternal(HttpContext context)
   在 System.Web.DefaultHttpHandler.BeginProcessRequest(HttpContext context, AsyncCallback callback, Object state)
   在 System.Web.HttpApplication.CallHandlerExecutionStep.System.Web.HttpApplication.IExecutionStep.Execute()
   在 System.Web.HttpApplication.ExecuteStep(IExecutionStep step, Boolean& completedSynchronously)。

2012-07-03 11:09:44:703		Error, PageName: http://localhost:1934/Admin/OptionISP.aspx。 ErrorMsg: 文件“/Admin/OptionISP.aspx”不存在。 Source:System.Web StackTrace:   在 System.Web.UI.Util.CheckVirtualFileExists(VirtualPath virtualPath)
   在 System.Web.Compilation.BuildManager.GetVPathBuildResultInternal(VirtualPath virtualPath, Boolean noBuild, Boolean allowCrossApp, Boolean allowBuildInPrecompile)
   在 System.Web.Compilation.BuildManager.GetVPathBuildResultWithNoAssert(HttpContext context, VirtualPath virtualPath, Boolean noBuild, Boolean allowCrossApp, Boolean allowBuildInPrecompile)
   在 System.Web.Compilation.BuildManager.GetVirtualPathObjectFactory(VirtualPath virtualPath, HttpContext context, Boolean allowCrossApp, Boolean noAssert)
   在 System.Web.Compilation.BuildManager.CreateInstanceFromVirtualPath(VirtualPath virtualPath, Type requiredBaseType, HttpContext context, Boolean allowCrossApp, Boolean noAssert)
   在 System.Web.UI.PageHandlerFactory.GetHandlerHelper(HttpContext context, String requestType, VirtualPath virtualPath, String physicalPath)
   在 System.Web.UI.PageHandlerFactory.System.Web.IHttpHandlerFactory2.GetHandler(HttpContext context, String requestType, VirtualPath virtualPath, String physicalPath)
   在 System.Web.HttpApplication.MapHttpHandler(HttpContext context, String requestType, VirtualPath path, String pathTranslated, Boolean useAppConfig)
   在 System.Web.HttpApplication.MapHandlerExecutionStep.System.Web.HttpApplication.IExecutionStep.Execute()
   在 System.Web.HttpApplication.ExecuteStep(IExecutionStep step, Boolean& completedSynchronously)。

2012-07-03 11:11:04:944		Error, PageName: http://localhost:1934/Admin/SoftKey.aspx。 ErrorMsg: 文件“/Admin/SoftKey.aspx”不存在。 Source:System.Web StackTrace:   在 System.Web.UI.Util.CheckVirtualFileExists(VirtualPath virtualPath)
   在 System.Web.Compilation.BuildManager.GetVPathBuildResultInternal(VirtualPath virtualPath, Boolean noBuild, Boolean allowCrossApp, Boolean allowBuildInPrecompile)
   在 System.Web.Compilation.BuildManager.GetVPathBuildResultWithNoAssert(HttpContext context, VirtualPath virtualPath, Boolean noBuild, Boolean allowCrossApp, Boolean allowBuildInPrecompile)
   在 System.Web.Compilation.BuildManager.GetVirtualPathObjectFactory(VirtualPath virtualPath, HttpContext context, Boolean allowCrossApp, Boolean noAssert)
   在 System.Web.Compilation.BuildManager.CreateInstanceFromVirtualPath(VirtualPath virtualPath, Type requiredBaseType, HttpContext context, Boolean allowCrossApp, Boolean noAssert)
   在 System.Web.UI.PageHandlerFactory.GetHandlerHelper(HttpContext context, String requestType, VirtualPath virtualPath, String physicalPath)
   在 System.Web.UI.PageHandlerFactory.System.Web.IHttpHandlerFactory2.GetHandler(HttpContext context, String requestType, VirtualPath virtualPath, String physicalPath)
   在 System.Web.HttpApplication.MapHttpHandler(HttpContext context, String requestType, VirtualPath path, String pathTranslated, Boolean useAppConfig)
   在 System.Web.HttpApplication.MapHandlerExecutionStep.System.Web.HttpApplication.IExecutionStep.Execute()
   在 System.Web.HttpApplication.ExecuteStep(IExecutionStep step, Boolean& completedSynchronously)。

2012-07-03 11:11:07:139		Error, PageName: http://localhost:1934/Images/Surrogate/buttbg.gif。 ErrorMsg: 文件不存在。 Source:System.Web StackTrace:   在 System.Web.StaticFileHandler.GetFileInfo(String virtualPathWithPathInfo, String physicalPath, HttpResponse response)
   在 System.Web.StaticFileHandler.ProcessRequestInternal(HttpContext context)
   在 System.Web.DefaultHttpHandler.BeginProcessRequest(HttpContext context, AsyncCallback callback, Object state)
   在 System.Web.HttpApplication.CallHandlerExecutionStep.System.Web.HttpApplication.IExecutionStep.Execute()
   在 System.Web.HttpApplication.ExecuteStep(IExecutionStep step, Boolean& completedSynchronously)。

2012-07-03 11:11:42:946		Error, PageName: http://localhost:1934/Admin/~/Images/Admin/buttbg.gif。 ErrorMsg: 文件不存在。 Source:System.Web StackTrace:   在 System.Web.StaticFileHandler.GetFileInfo(String virtualPathWithPathInfo, String physicalPath, HttpResponse response)
   在 System.Web.StaticFileHandler.ProcessRequestInternal(HttpContext context)
   在 System.Web.DefaultHttpHandler.BeginProcessRequest(HttpContext context, AsyncCallback callback, Object state)
   在 System.Web.HttpApplication.CallHandlerExecutionStep.System.Web.HttpApplication.IExecutionStep.Execute()
   在 System.Web.HttpApplication.ExecuteStep(IExecutionStep step, Boolean& completedSynchronously)。

2012-07-03 14:40:55:96		Error, PageName: http://localhost:1934/Api/reguser.aspx。 ErrorMsg: 不能用无参数的 Users 类的构造来申明实例。此无参数构造函数是为了能使其序列化。 Source:App_Code.ha884ul4 StackTrace:   在 Users..ctor() 位置 e:\ichari\02工程\03代码\Lottery\trunk\SLS.JC\App_Code\Users\Users.cs:行号 206
   在 Api_reguser.RegUser() 位置 e:\ichari\02工程\03代码\Lottery\trunk\SLS.JC\Api\reguser.aspx.cs:行号 22
   在 Api_reguser.Page_Load(Object sender, EventArgs e) 位置 e:\ichari\02工程\03代码\Lottery\trunk\SLS.JC\Api\reguser.aspx.cs:行号 12
   在 System.Web.Util.CalliHelper.EventArgFunctionCaller(IntPtr fp, Object o, Object t, EventArgs e)
   在 System.Web.Util.CalliEventHandlerDelegateProxy.Callback(Object sender, EventArgs e)
   在 System.Web.UI.Control.OnLoad(EventArgs e)
   在 System.Web.UI.Control.LoadRecursive()
   在 System.Web.UI.Page.ProcessRequestMain(Boolean includeStagesBeforeAsyncPoint, Boolean includeStagesAfterAsyncPoint)。

2012-07-03 14:48:50:848		Send Email: Read EmailServer configure fail.

2012-07-03 14:49:35:855		Error, PageName: http://localhost:1934/Home/Room/Images/Login.jpg。 ErrorMsg: 文件不存在。 Source:System.Web StackTrace:   在 System.Web.StaticFileHandler.GetFileInfo(String virtualPathWithPathInfo, String physicalPath, HttpResponse response)
   在 System.Web.StaticFileHandler.ProcessRequestInternal(HttpContext context)
   在 System.Web.DefaultHttpHandler.BeginProcessRequest(HttpContext context, AsyncCallback callback, Object state)
   在 System.Web.HttpApplication.CallHandlerExecutionStep.System.Web.HttpApplication.IExecutionStep.Execute()
   在 System.Web.HttpApplication.ExecuteStep(IExecutionStep step, Boolean& completedSynchronously)。

2012-07-03 14:49:39:285		Error, PageName: http://localhost:1934/Home/Room/Images/Login.jpg。 ErrorMsg: 文件不存在。 Source:System.Web StackTrace:   在 System.Web.StaticFileHandler.GetFileInfo(String virtualPathWithPathInfo, String physicalPath, HttpResponse response)
   在 System.Web.StaticFileHandler.ProcessRequestInternal(HttpContext context)
   在 System.Web.DefaultHttpHandler.BeginProcessRequest(HttpContext context, AsyncCallback callback, Object state)
   在 System.Web.HttpApplication.CallHandlerExecutionStep.System.Web.HttpApplication.IExecutionStep.Execute()
   在 System.Web.HttpApplication.ExecuteStep(IExecutionStep step, Boolean& completedSynchronously)。

2012-07-03 15:05:10:254		Send Email: Read EmailServer configure fail.

2012-07-03 15:43:37:656		Error, PageName: http://localhost:1934/Home/Room/Images/Login.jpg。 ErrorMsg: 文件不存在。 Source:System.Web StackTrace:   在 System.Web.StaticFileHandler.GetFileInfo(String virtualPathWithPathInfo, String physicalPath, HttpResponse response)
   在 System.Web.StaticFileHandler.ProcessRequestInternal(HttpContext context)
   在 System.Web.DefaultHttpHandler.BeginProcessRequest(HttpContext context, AsyncCallback callback, Object state)
   在 System.Web.HttpApplication.CallHandlerExecutionStep.System.Web.HttpApplication.IExecutionStep.Execute()
   在 System.Web.HttpApplication.ExecuteStep(IExecutionStep step, Boolean& completedSynchronously)。

2012-07-03 15:47:33:266		Error, PageName: http://localhost:1934/Home/Room/Images/Login.jpg。 ErrorMsg: 文件不存在。 Source:System.Web StackTrace:   在 System.Web.StaticFileHandler.GetFileInfo(String virtualPathWithPathInfo, String physicalPath, HttpResponse response)
   在 System.Web.StaticFileHandler.ProcessRequestInternal(HttpContext context)
   在 System.Web.DefaultHttpHandler.BeginProcessRequest(HttpContext context, AsyncCallback callback, Object state)
   在 System.Web.HttpApplication.CallHandlerExecutionStep.System.Web.HttpApplication.IExecutionStep.Execute()
   在 System.Web.HttpApplication.ExecuteStep(IExecutionStep step, Boolean& completedSynchronously)。

2012-07-03 15:48:13:373		Error, PageName: http://localhost:1934/Home/Room/Images/Login.jpg。 ErrorMsg: 文件不存在。 Source:System.Web StackTrace:   在 System.Web.StaticFileHandler.GetFileInfo(String virtualPathWithPathInfo, String physicalPath, HttpResponse response)
   在 System.Web.StaticFileHandler.ProcessRequestInternal(HttpContext context)
   在 System.Web.DefaultHttpHandler.BeginProcessRequest(HttpContext context, AsyncCallback callback, Object state)
   在 System.Web.HttpApplication.CallHandlerExecutionStep.System.Web.HttpApplication.IExecutionStep.Execute()
   在 System.Web.HttpApplication.ExecuteStep(IExecutionStep step, Boolean& completedSynchronously)。

2012-07-03 15:49:19:966		Error, PageName: http://localhost:1934/WinQuery/images/ic.gif。 ErrorMsg: 文件不存在。 Source:System.Web StackTrace:   在 System.Web.StaticFileHandler.GetFileInfo(String virtualPathWithPathInfo, String physicalPath, HttpResponse response)
   在 System.Web.StaticFileHandler.ProcessRequestInternal(HttpContext context)
   在 System.Web.DefaultHttpHandler.BeginProcessRequest(HttpContext context, AsyncCallback callback, Object state)
   在 System.Web.HttpApplication.CallHandlerExecutionStep.System.Web.HttpApplication.IExecutionStep.Execute()
   在 System.Web.HttpApplication.ExecuteStep(IExecutionStep step, Boolean& completedSynchronously)。

2012-07-03 15:49:53:386		Error, PageName: http://localhost:1934/WinQuery/images/ic.gif。 ErrorMsg: 文件不存在。 Source:System.Web StackTrace:   在 System.Web.StaticFileHandler.GetFileInfo(String virtualPathWithPathInfo, String physicalPath, HttpResponse response)
   在 System.Web.StaticFileHandler.ProcessRequestInternal(HttpContext context)
   在 System.Web.DefaultHttpHandler.BeginProcessRequest(HttpContext context, AsyncCallback callback, Object state)
   在 System.Web.HttpApplication.CallHandlerExecutionStep.System.Web.HttpApplication.IExecutionStep.Execute()
   在 System.Web.HttpApplication.ExecuteStep(IExecutionStep step, Boolean& completedSynchronously)。

2012-07-03 15:53:48:810		Error, PageName: http://localhost:1934/WinQuery/OpenInfoList.aspx,。 ErrorMsg: 文件不存在。 Source:System.Web StackTrace:   在 System.Web.StaticFileHandler.GetFileInfo(String virtualPathWithPathInfo, String physicalPath, HttpResponse response)
   在 System.Web.StaticFileHandler.ProcessRequestInternal(HttpContext context)
   在 System.Web.DefaultHttpHandler.BeginProcessRequest(HttpContext context, AsyncCallback callback, Object state)
   在 System.Web.HttpApplication.CallHandlerExecutionStep.System.Web.HttpApplication.IExecutionStep.Execute()
   在 System.Web.HttpApplication.ExecuteStep(IExecutionStep step, Boolean& completedSynchronously)。

2012-07-03 15:54:40:936		Error, PageName: http://localhost:1934/,。 ErrorMsg: 文件不存在。 Source:System.Web StackTrace:   在 System.Web.StaticFileHandler.GetFileInfo(String virtualPathWithPathInfo, String physicalPath, HttpResponse response)
   在 System.Web.StaticFileHandler.ProcessRequestInternal(HttpContext context)
   在 System.Web.DefaultHttpHandler.BeginProcessRequest(HttpContext context, AsyncCallback callback, Object state)
   在 System.Web.HttpApplication.CallHandlerExecutionStep.System.Web.HttpApplication.IExecutionStep.Execute()
   在 System.Web.HttpApplication.ExecuteStep(IExecutionStep step, Boolean& completedSynchronously)。

2012-07-03 15:56:54:318		Error, PageName: http://localhost:1934/,。 ErrorMsg: 文件不存在。 Source:System.Web StackTrace:   在 System.Web.StaticFileHandler.GetFileInfo(String virtualPathWithPathInfo, String physicalPath, HttpResponse response)
   在 System.Web.StaticFileHandler.ProcessRequestInternal(HttpContext context)
   在 System.Web.DefaultHttpHandler.BeginProcessRequest(HttpContext context, AsyncCallback callback, Object state)
   在 System.Web.HttpApplication.CallHandlerExecutionStep.System.Web.HttpApplication.IExecutionStep.Execute()
   在 System.Web.HttpApplication.ExecuteStep(IExecutionStep step, Boolean& completedSynchronously)。

2012-07-03 16:04:17:356		Error, PageName: http://localhost:1934/default.aspx。 ErrorMsg: e:\ichari\02工程\03代码\Lottery\trunk\SLS.JC\Home\Room\UserControls\WebHead.ascx(16): error CS1061: “System.Web.HttpRequest”不包含“AbsoluteUri”的定义，并且找不到可接受类型为“System.Web.HttpRequest”的第一个参数的扩展方法“AbsoluteUri”(是否缺少 using 指令或程序集引用?) Source:System.Web StackTrace:   在 System.Web.Compilation.BuildManager.PostProcessFoundBuildResult(BuildResult result, Boolean keyFromVPP, VirtualPath virtualPath)
   在 System.Web.Compilation.BuildManager.GetBuildResultFromCacheInternal(String cacheKey, Boolean keyFromVPP, VirtualPath virtualPath, Int64 hashCode)
   在 System.Web.Compilation.BuildManager.GetVPathBuildResultFromCacheInternal(VirtualPath virtualPath)
   在 System.Web.Compilation.BuildManager.GetVPathBuildResultInternal(VirtualPath virtualPath, Boolean noBuild, Boolean allowCrossApp, Boolean allowBuildInPrecompile)
   在 System.Web.Compilation.BuildManager.GetVPathBuildResultWithNoAssert(HttpContext context, VirtualPath virtualPath, Boolean noBuild, Boolean allowCrossApp, Boolean allowBuildInPrecompile)
   在 System.Web.Compilation.BuildManager.GetVPathBuildResult(HttpContext context, VirtualPath virtualPath, Boolean noBuild, Boolean allowCrossApp, Boolean allowBuildInPrecompile)
   在 System.Web.UI.BaseTemplateParser.GetReferencedType(VirtualPath virtualPath, Boolean allowNoCompile)
   在 System.Web.UI.BaseTemplateParser.GetUserControlType(VirtualPath virtualPath)
   在 System.Web.UI.MainTagNameToTypeMapper.ProcessUserControlRegistration(UserControlRegisterEntry ucRegisterEntry)
   在 System.Web.UI.BaseTemplateParser.ProcessDirective(String directiveName, IDictionary directive)
   在 System.Web.UI.TemplateControlParser.ProcessDirective(String directiveName, IDictionary directive)
   在 System.Web.UI.PageParser.ProcessDirective(String directiveName, IDictionary directive)
   在 System.Web.UI.TemplateParser.ParseStringInternal(String text, Encoding fileEncoding)。

2012-07-03 16:04:24:338		Error, PageName: http://localhost:1934/default.aspx。 ErrorMsg: e:\ichari\02工程\03代码\Lottery\trunk\SLS.JC\Home\Room\UserControls\WebHead.ascx(16): error CS1061: “System.Web.HttpRequest”不包含“AbsoluteUrl”的定义，并且找不到可接受类型为“System.Web.HttpRequest”的第一个参数的扩展方法“AbsoluteUrl”(是否缺少 using 指令或程序集引用?) Source:System.Web StackTrace:   在 System.Web.Compilation.BuildManager.PostProcessFoundBuildResult(BuildResult result, Boolean keyFromVPP, VirtualPath virtualPath)
   在 System.Web.Compilation.BuildManager.GetBuildResultFromCacheInternal(String cacheKey, Boolean keyFromVPP, VirtualPath virtualPath, Int64 hashCode)
   在 System.Web.Compilation.BuildManager.GetVPathBuildResultFromCacheInternal(VirtualPath virtualPath)
   在 System.Web.Compilation.BuildManager.GetVPathBuildResultInternal(VirtualPath virtualPath, Boolean noBuild, Boolean allowCrossApp, Boolean allowBuildInPrecompile)
   在 System.Web.Compilation.BuildManager.GetVPathBuildResultWithNoAssert(HttpContext context, VirtualPath virtualPath, Boolean noBuild, Boolean allowCrossApp, Boolean allowBuildInPrecompile)
   在 System.Web.Compilation.BuildManager.GetVPathBuildResult(HttpContext context, VirtualPath virtualPath, Boolean noBuild, Boolean allowCrossApp, Boolean allowBuildInPrecompile)
   在 System.Web.UI.BaseTemplateParser.GetReferencedType(VirtualPath virtualPath, Boolean allowNoCompile)
   在 System.Web.UI.BaseTemplateParser.GetUserControlType(VirtualPath virtualPath)
   在 System.Web.UI.MainTagNameToTypeMapper.ProcessUserControlRegistration(UserControlRegisterEntry ucRegisterEntry)
   在 System.Web.UI.BaseTemplateParser.ProcessDirective(String directiveName, IDictionary directive)
   在 System.Web.UI.TemplateControlParser.ProcessDirective(String directiveName, IDictionary directive)
   在 System.Web.UI.PageParser.ProcessDirective(String directiveName, IDictionary directive)
   在 System.Web.UI.TemplateParser.ParseStringInternal(String text, Encoding fileEncoding)。

2012-07-03 16:29:43:936		Send Email: Read EmailServer configure fail.

2012-07-03 16:37:21:935		Send Email: Read EmailServer configure fail.

2012-07-03 16:38:46:42		Send Email: Read EmailServer configure fail.

2012-07-03 16:47:28:880		Send Email: Read EmailServer configure fail.

2012-07-03 16:48:33:567		Send Email: Read EmailServer configure fail.

2012-07-03 16:53:03:223		Send Email: Read EmailServer configure fail.

2012-07-03 16:55:17:729		Send Email: Read EmailServer configure fail.

2012-07-03 16:56:48:571		Send Email: Read EmailServer configure fail.

