2012-04-09 10:50:07:122		Error, PageName: http://localhost:1934/Home/Room/Images/Login.jpg。 ErrorMsg: File does not exist. Source:System.Web StackTrace:   at System.Web.StaticFileHandler.GetFileInfo(String virtualPathWithPathInfo, String physicalPath, HttpResponse response)
   at System.Web.StaticFileHandler.ProcessRequestInternal(HttpContext context)
   at System.Web.DefaultHttpHandler.BeginProcessRequest(HttpContext context, AsyncCallback callback, Object state)
   at System.Web.HttpApplication.CallHandlerExecutionStep.System.Web.HttpApplication.IExecutionStep.Execute()
   at System.Web.HttpApplication.ExecuteStep(IExecutionStep step, Boolean& completedSynchronously)。

2012-04-09 11:08:54:811		Error, PageName: http://localhost:1934/Home/Room/Images/zfb_playIntroduce.jpg。 ErrorMsg: File does not exist. Source:System.Web StackTrace:   at System.Web.StaticFileHandler.GetFileInfo(String virtualPathWithPathInfo, String physicalPath, HttpResponse response)
   at System.Web.StaticFileHandler.ProcessRequestInternal(HttpContext context)
   at System.Web.DefaultHttpHandler.BeginProcessRequest(HttpContext context, AsyncCallback callback, Object state)
   at System.Web.HttpApplication.CallHandlerExecutionStep.System.Web.HttpApplication.IExecutionStep.Execute()
   at System.Web.HttpApplication.ExecuteStep(IExecutionStep step, Boolean& completedSynchronously)。

2012-04-09 11:09:08:626		Error, PageName: http://localhost:1934/Home/Room/Images/zfb_playIntroduce.jpg。 ErrorMsg: File does not exist. Source:System.Web StackTrace:   at System.Web.StaticFileHandler.GetFileInfo(String virtualPathWithPathInfo, String physicalPath, HttpResponse response)
   at System.Web.StaticFileHandler.ProcessRequestInternal(HttpContext context)
   at System.Web.DefaultHttpHandler.BeginProcessRequest(HttpContext context, AsyncCallback callback, Object state)
   at System.Web.HttpApplication.CallHandlerExecutionStep.System.Web.HttpApplication.IExecutionStep.Execute()
   at System.Web.HttpApplication.ExecuteStep(IExecutionStep step, Boolean& completedSynchronously)。

2012-04-09 15:26:00:14		Error, PageName: http://localhost:1934/Lottery/JScript/BonusNumber_CQSSC.js?version=15:25:59 GMT+0800 (China Standard Time)。 ErrorMsg: File does not exist. Source:System.Web StackTrace:   at System.Web.StaticFileHandler.GetFileInfo(String virtualPathWithPathInfo, String physicalPath, HttpResponse response)
   at System.Web.StaticFileHandler.ProcessRequestInternal(HttpContext context)
   at System.Web.DefaultHttpHandler.BeginProcessRequest(HttpContext context, AsyncCallback callback, Object state)
   at System.Web.HttpApplication.CallHandlerExecutionStep.System.Web.HttpApplication.IExecutionStep.Execute()
   at System.Web.HttpApplication.ExecuteStep(IExecutionStep step, Boolean& completedSynchronously)。

2012-04-09 15:26:00:627		时时彩无开奖信息,20120409

2012-04-09 15:26:00:762		时时彩无开奖信息,20120409

2012-04-09 15:26:01:15		Error, PageName: http://localhost:1934/Lottery/JScript/BonusNumber_CQSSC.js?version=15:26:00 GMT+0800 (China Standard Time)。 ErrorMsg: File does not exist. Source:System.Web StackTrace:   at System.Web.StaticFileHandler.GetFileInfo(String virtualPathWithPathInfo, String physicalPath, HttpResponse response)
   at System.Web.StaticFileHandler.ProcessRequestInternal(HttpContext context)
   at System.Web.DefaultHttpHandler.BeginProcessRequest(HttpContext context, AsyncCallback callback, Object state)
   at System.Web.HttpApplication.CallHandlerExecutionStep.System.Web.HttpApplication.IExecutionStep.Execute()
   at System.Web.HttpApplication.ExecuteStep(IExecutionStep step, Boolean& completedSynchronously)。

2012-04-09 15:26:01:905		Error, PageName: http://localhost:1934/Lottery/JScript/BonusNumber_CQSSC.js?version=15:26:01 GMT+0800 (China Standard Time)。 ErrorMsg: File does not exist. Source:System.Web StackTrace:   at System.Web.StaticFileHandler.GetFileInfo(String virtualPathWithPathInfo, String physicalPath, HttpResponse response)
   at System.Web.StaticFileHandler.ProcessRequestInternal(HttpContext context)
   at System.Web.DefaultHttpHandler.BeginProcessRequest(HttpContext context, AsyncCallback callback, Object state)
   at System.Web.HttpApplication.CallHandlerExecutionStep.System.Web.HttpApplication.IExecutionStep.Execute()
   at System.Web.HttpApplication.ExecuteStep(IExecutionStep step, Boolean& completedSynchronously)。

2012-04-09 15:26:03:124		Error, PageName: http://localhost:1934/Lottery/JScript/BonusNumber_CQSSC.js?version=15:26:02 GMT+0800 (China Standard Time)。 ErrorMsg: File does not exist. Source:System.Web StackTrace:   at System.Web.StaticFileHandler.GetFileInfo(String virtualPathWithPathInfo, String physicalPath, HttpResponse response)
   at System.Web.StaticFileHandler.ProcessRequestInternal(HttpContext context)
   at System.Web.DefaultHttpHandler.BeginProcessRequest(HttpContext context, AsyncCallback callback, Object state)
   at System.Web.HttpApplication.CallHandlerExecutionStep.System.Web.HttpApplication.IExecutionStep.Execute()
   at System.Web.HttpApplication.ExecuteStep(IExecutionStep step, Boolean& completedSynchronously)。

2012-04-09 15:26:03:817		Error, PageName: http://localhost:1934/Lottery/JScript/BonusNumber_CQSSC.js?version=15:26:03 GMT+0800 (China Standard Time)。 ErrorMsg: File does not exist. Source:System.Web StackTrace:   at System.Web.StaticFileHandler.GetFileInfo(String virtualPathWithPathInfo, String physicalPath, HttpResponse response)
   at System.Web.StaticFileHandler.ProcessRequestInternal(HttpContext context)
   at System.Web.DefaultHttpHandler.BeginProcessRequest(HttpContext context, AsyncCallback callback, Object state)
   at System.Web.HttpApplication.CallHandlerExecutionStep.System.Web.HttpApplication.IExecutionStep.Execute()
   at System.Web.HttpApplication.ExecuteStep(IExecutionStep step, Boolean& completedSynchronously)。

2012-04-09 15:26:04:174		Error, PageName: http://localhost:1934/Lottery/JScript/BonusNumber_CQSSC.js?version=15:26:03 GMT+0800 (China Standard Time)。 ErrorMsg: File does not exist. Source:System.Web StackTrace:   at System.Web.StaticFileHandler.GetFileInfo(String virtualPathWithPathInfo, String physicalPath, HttpResponse response)
   at System.Web.StaticFileHandler.ProcessRequestInternal(HttpContext context)
   at System.Web.DefaultHttpHandler.BeginProcessRequest(HttpContext context, AsyncCallback callback, Object state)
   at System.Web.HttpApplication.CallHandlerExecutionStep.System.Web.HttpApplication.IExecutionStep.Execute()
   at System.Web.HttpApplication.ExecuteStep(IExecutionStep step, Boolean& completedSynchronously)。

2012-04-09 15:26:04:817		Error, PageName: http://localhost:1934/Lottery/JScript/BonusNumber_CQSSC.js?version=15:26:04 GMT+0800 (China Standard Time)。 ErrorMsg: File does not exist. Source:System.Web StackTrace:   at System.Web.StaticFileHandler.GetFileInfo(String virtualPathWithPathInfo, String physicalPath, HttpResponse response)
   at System.Web.StaticFileHandler.ProcessRequestInternal(HttpContext context)
   at System.Web.DefaultHttpHandler.BeginProcessRequest(HttpContext context, AsyncCallback callback, Object state)
   at System.Web.HttpApplication.CallHandlerExecutionStep.System.Web.HttpApplication.IExecutionStep.Execute()
   at System.Web.HttpApplication.ExecuteStep(IExecutionStep step, Boolean& completedSynchronously)。

2012-04-09 15:26:05:176		Error, PageName: http://localhost:1934/Lottery/JScript/BonusNumber_CQSSC.js?version=15:26:04 GMT+0800 (China Standard Time)。 ErrorMsg: File does not exist. Source:System.Web StackTrace:   at System.Web.StaticFileHandler.GetFileInfo(String virtualPathWithPathInfo, String physicalPath, HttpResponse response)
   at System.Web.StaticFileHandler.ProcessRequestInternal(HttpContext context)
   at System.Web.DefaultHttpHandler.BeginProcessRequest(HttpContext context, AsyncCallback callback, Object state)
   at System.Web.HttpApplication.CallHandlerExecutionStep.System.Web.HttpApplication.IExecutionStep.Execute()
   at System.Web.HttpApplication.ExecuteStep(IExecutionStep step, Boolean& completedSynchronously)。

2012-04-09 15:26:05:821		Error, PageName: http://localhost:1934/Lottery/JScript/BonusNumber_CQSSC.js?version=15:26:05 GMT+0800 (China Standard Time)。 ErrorMsg: File does not exist. Source:System.Web StackTrace:   at System.Web.StaticFileHandler.GetFileInfo(String virtualPathWithPathInfo, String physicalPath, HttpResponse response)
   at System.Web.StaticFileHandler.ProcessRequestInternal(HttpContext context)
   at System.Web.DefaultHttpHandler.BeginProcessRequest(HttpContext context, AsyncCallback callback, Object state)
   at System.Web.HttpApplication.CallHandlerExecutionStep.System.Web.HttpApplication.IExecutionStep.Execute()
   at System.Web.HttpApplication.ExecuteStep(IExecutionStep step, Boolean& completedSynchronously)。

2012-04-09 15:26:06:178		Error, PageName: http://localhost:1934/Lottery/JScript/BonusNumber_CQSSC.js?version=15:26:05 GMT+0800 (China Standard Time)。 ErrorMsg: File does not exist. Source:System.Web StackTrace:   at System.Web.StaticFileHandler.GetFileInfo(String virtualPathWithPathInfo, String physicalPath, HttpResponse response)
   at System.Web.StaticFileHandler.ProcessRequestInternal(HttpContext context)
   at System.Web.DefaultHttpHandler.BeginProcessRequest(HttpContext context, AsyncCallback callback, Object state)
   at System.Web.HttpApplication.CallHandlerExecutionStep.System.Web.HttpApplication.IExecutionStep.Execute()
   at System.Web.HttpApplication.ExecuteStep(IExecutionStep step, Boolean& completedSynchronously)。

2012-04-09 15:26:06:824		Error, PageName: http://localhost:1934/Lottery/JScript/BonusNumber_CQSSC.js?version=15:26:06 GMT+0800 (China Standard Time)。 ErrorMsg: File does not exist. Source:System.Web StackTrace:   at System.Web.StaticFileHandler.GetFileInfo(String virtualPathWithPathInfo, String physicalPath, HttpResponse response)
   at System.Web.StaticFileHandler.ProcessRequestInternal(HttpContext context)
   at System.Web.DefaultHttpHandler.BeginProcessRequest(HttpContext context, AsyncCallback callback, Object state)
   at System.Web.HttpApplication.CallHandlerExecutionStep.System.Web.HttpApplication.IExecutionStep.Execute()
   at System.Web.HttpApplication.ExecuteStep(IExecutionStep step, Boolean& completedSynchronously)。

2012-04-09 15:26:07:182		Error, PageName: http://localhost:1934/Lottery/JScript/BonusNumber_CQSSC.js?version=15:26:06 GMT+0800 (China Standard Time)。 ErrorMsg: File does not exist. Source:System.Web StackTrace:   at System.Web.StaticFileHandler.GetFileInfo(String virtualPathWithPathInfo, String physicalPath, HttpResponse response)
   at System.Web.StaticFileHandler.ProcessRequestInternal(HttpContext context)
   at System.Web.DefaultHttpHandler.BeginProcessRequest(HttpContext context, AsyncCallback callback, Object state)
   at System.Web.HttpApplication.CallHandlerExecutionStep.System.Web.HttpApplication.IExecutionStep.Execute()
   at System.Web.HttpApplication.ExecuteStep(IExecutionStep step, Boolean& completedSynchronously)。

2012-04-09 15:26:07:830		Error, PageName: http://localhost:1934/Lottery/JScript/BonusNumber_CQSSC.js?version=15:26:07 GMT+0800 (China Standard Time)。 ErrorMsg: File does not exist. Source:System.Web StackTrace:   at System.Web.StaticFileHandler.GetFileInfo(String virtualPathWithPathInfo, String physicalPath, HttpResponse response)
   at System.Web.StaticFileHandler.ProcessRequestInternal(HttpContext context)
   at System.Web.DefaultHttpHandler.BeginProcessRequest(HttpContext context, AsyncCallback callback, Object state)
   at System.Web.HttpApplication.CallHandlerExecutionStep.System.Web.HttpApplication.IExecutionStep.Execute()
   at System.Web.HttpApplication.ExecuteStep(IExecutionStep step, Boolean& completedSynchronously)。

2012-04-09 15:26:08:183		Error, PageName: http://localhost:1934/Lottery/JScript/BonusNumber_CQSSC.js?version=15:26:07 GMT+0800 (China Standard Time)。 ErrorMsg: File does not exist. Source:System.Web StackTrace:   at System.Web.StaticFileHandler.GetFileInfo(String virtualPathWithPathInfo, String physicalPath, HttpResponse response)
   at System.Web.StaticFileHandler.ProcessRequestInternal(HttpContext context)
   at System.Web.DefaultHttpHandler.BeginProcessRequest(HttpContext context, AsyncCallback callback, Object state)
   at System.Web.HttpApplication.CallHandlerExecutionStep.System.Web.HttpApplication.IExecutionStep.Execute()
   at System.Web.HttpApplication.ExecuteStep(IExecutionStep step, Boolean& completedSynchronously)。

2012-04-09 15:26:08:830		Error, PageName: http://localhost:1934/Lottery/JScript/BonusNumber_CQSSC.js?version=15:26:08 GMT+0800 (China Standard Time)。 ErrorMsg: File does not exist. Source:System.Web StackTrace:   at System.Web.StaticFileHandler.GetFileInfo(String virtualPathWithPathInfo, String physicalPath, HttpResponse response)
   at System.Web.StaticFileHandler.ProcessRequestInternal(HttpContext context)
   at System.Web.DefaultHttpHandler.BeginProcessRequest(HttpContext context, AsyncCallback callback, Object state)
   at System.Web.HttpApplication.CallHandlerExecutionStep.System.Web.HttpApplication.IExecutionStep.Execute()
   at System.Web.HttpApplication.ExecuteStep(IExecutionStep step, Boolean& completedSynchronously)。

2012-04-09 15:26:09:188		Error, PageName: http://localhost:1934/Lottery/JScript/BonusNumber_CQSSC.js?version=15:26:08 GMT+0800 (China Standard Time)。 ErrorMsg: File does not exist. Source:System.Web StackTrace:   at System.Web.StaticFileHandler.GetFileInfo(String virtualPathWithPathInfo, String physicalPath, HttpResponse response)
   at System.Web.StaticFileHandler.ProcessRequestInternal(HttpContext context)
   at System.Web.DefaultHttpHandler.BeginProcessRequest(HttpContext context, AsyncCallback callback, Object state)
   at System.Web.HttpApplication.CallHandlerExecutionStep.System.Web.HttpApplication.IExecutionStep.Execute()
   at System.Web.HttpApplication.ExecuteStep(IExecutionStep step, Boolean& completedSynchronously)。

